2024-11-03 00:54:14,979 - INFO - Downloaded and extracted: https://opentransportdata.swiss/wp-content/uploads/ist-daten-archive/ist-daten-2024-11.zip
2024-11-03 00:55:04,891 - INFO - Downloaded and extracted: https://opentransportdata.swiss/wp-content/uploads/ist-daten-archive/ist-daten-2024-10.zip
2024-11-03 00:55:04,903 - INFO - Starting to load data from /home/vmk0863/dat503/data/train
2024-11-03 00:55:04,903 - INFO - Found 32 CSV files to process.
2024-11-03 00:55:04,916 - INFO - Data loaded into Dask DataFrame.
2024-11-03 00:55:04,916 - INFO - Missing values filled with 0.
2024-11-03 00:55:04,916 - INFO - Saving processed data to /home/vmk0863/dat503/data/train/working/processed_data.csv
2024-11-03 00:55:12,635 - WARNING - /home/vmk0863/.local/lib/python3.12/site-packages/dask/dataframe/io/csv.py:195: DtypeWarning: Columns (7) have mixed types. Specify dtype option on import or set low_memory=False.
  df = reader(bio, **kwargs)

2024-11-03 00:55:13,001 - ERROR - Error saving processed data to CSV file: Mismatched dtypes found in `pd.read_csv`/`pd.read_table`.

+-----------+--------+----------+
| Column    | Found  | Expected |
+-----------+--------+----------+
| LINIEN_ID | object | float64  |
+-----------+--------+----------+

The following columns also raised exceptions on conversion:

- LINIEN_ID
  ValueError("could not convert string to float: '85:818:144'")

Usually this is due to dask's dtype inference failing, and
*may* be fixed by specifying dtypes manually by adding:

dtype={'LINIEN_ID': 'object'}

to the call to `read_csv`/`read_table`.
2024-11-03 00:55:13,206 - WARNING - /home/vmk0863/.local/lib/python3.12/site-packages/dask/dataframe/io/csv.py:195: DtypeWarning: Columns (7) have mixed types. Specify dtype option on import or set low_memory=False.
  df = reader(bio, **kwargs)

2024-11-03 00:55:13,238 - WARNING - /home/vmk0863/.local/lib/python3.12/site-packages/dask/dataframe/io/csv.py:195: DtypeWarning: Columns (6,7) have mixed types. Specify dtype option on import or set low_memory=False.
  df = reader(bio, **kwargs)

2024-11-03 00:55:13,367 - WARNING - /home/vmk0863/.local/lib/python3.12/site-packages/dask/dataframe/io/csv.py:195: DtypeWarning: Columns (6,7) have mixed types. Specify dtype option on import or set low_memory=False.
  df = reader(bio, **kwargs)

2024-11-03 00:55:13,433 - WARNING - /home/vmk0863/.local/lib/python3.12/site-packages/dask/dataframe/io/csv.py:195: DtypeWarning: Columns (7,8) have mixed types. Specify dtype option on import or set low_memory=False.
  df = reader(bio, **kwargs)

2024-11-03 00:55:13,543 - WARNING - /home/vmk0863/.local/lib/python3.12/site-packages/dask/dataframe/io/csv.py:195: DtypeWarning: Columns (7) have mixed types. Specify dtype option on import or set low_memory=False.
  df = reader(bio, **kwargs)

2024-11-03 00:55:14,060 - WARNING - /home/vmk0863/.local/lib/python3.12/site-packages/dask/dataframe/io/csv.py:195: DtypeWarning: Columns (7) have mixed types. Specify dtype option on import or set low_memory=False.
  df = reader(bio, **kwargs)

2024-11-03 00:55:14,191 - WARNING - /home/vmk0863/.local/lib/python3.12/site-packages/dask/dataframe/io/csv.py:195: DtypeWarning: Columns (7,8) have mixed types. Specify dtype option on import or set low_memory=False.
  df = reader(bio, **kwargs)

2024-11-03 00:55:14,231 - WARNING - /home/vmk0863/.local/lib/python3.12/site-packages/dask/dataframe/io/csv.py:195: DtypeWarning: Columns (7) have mixed types. Specify dtype option on import or set low_memory=False.
  df = reader(bio, **kwargs)

2024-11-03 00:55:14,244 - WARNING - /home/vmk0863/.local/lib/python3.12/site-packages/dask/dataframe/io/csv.py:195: DtypeWarning: Columns (7) have mixed types. Specify dtype option on import or set low_memory=False.
  df = reader(bio, **kwargs)

2024-11-03 00:55:14,255 - WARNING - /home/vmk0863/.local/lib/python3.12/site-packages/dask/dataframe/io/csv.py:195: DtypeWarning: Columns (7,8) have mixed types. Specify dtype option on import or set low_memory=False.
  df = reader(bio, **kwargs)

2024-11-03 00:55:14,287 - WARNING - /home/vmk0863/.local/lib/python3.12/site-packages/dask/dataframe/io/csv.py:195: DtypeWarning: Columns (7) have mixed types. Specify dtype option on import or set low_memory=False.
  df = reader(bio, **kwargs)

2024-11-03 00:55:14,667 - WARNING - /home/vmk0863/.local/lib/python3.12/site-packages/dask/dataframe/io/csv.py:195: DtypeWarning: Columns (7) have mixed types. Specify dtype option on import or set low_memory=False.
  df = reader(bio, **kwargs)

2024-11-03 00:55:14,998 - WARNING - /home/vmk0863/.local/lib/python3.12/site-packages/dask/dataframe/io/csv.py:195: DtypeWarning: Columns (7) have mixed types. Specify dtype option on import or set low_memory=False.
  df = reader(bio, **kwargs)

2024-11-03 00:55:15,044 - WARNING - /home/vmk0863/.local/lib/python3.12/site-packages/dask/dataframe/io/csv.py:195: DtypeWarning: Columns (7) have mixed types. Specify dtype option on import or set low_memory=False.
  df = reader(bio, **kwargs)

2024-11-03 00:55:15,051 - WARNING - /home/vmk0863/.local/lib/python3.12/site-packages/dask/dataframe/io/csv.py:195: DtypeWarning: Columns (7) have mixed types. Specify dtype option on import or set low_memory=False.
  df = reader(bio, **kwargs)

2024-11-03 00:55:15,231 - WARNING - /home/vmk0863/.local/lib/python3.12/site-packages/dask/dataframe/io/csv.py:195: DtypeWarning: Columns (7) have mixed types. Specify dtype option on import or set low_memory=False.
  df = reader(bio, **kwargs)

2024-11-03 00:55:15,450 - WARNING - /home/vmk0863/.local/lib/python3.12/site-packages/dask/dataframe/io/csv.py:195: DtypeWarning: Columns (7) have mixed types. Specify dtype option on import or set low_memory=False.
  df = reader(bio, **kwargs)

2024-11-03 00:55:15,560 - WARNING - /home/vmk0863/.local/lib/python3.12/site-packages/dask/dataframe/io/csv.py:195: DtypeWarning: Columns (7) have mixed types. Specify dtype option on import or set low_memory=False.
  df = reader(bio, **kwargs)

2024-11-03 00:55:15,595 - WARNING - /home/vmk0863/.local/lib/python3.12/site-packages/dask/dataframe/io/csv.py:195: DtypeWarning: Columns (6,7) have mixed types. Specify dtype option on import or set low_memory=False.
  df = reader(bio, **kwargs)

2024-11-03 00:55:15,750 - WARNING - /home/vmk0863/.local/lib/python3.12/site-packages/dask/dataframe/io/csv.py:195: DtypeWarning: Columns (7) have mixed types. Specify dtype option on import or set low_memory=False.
  df = reader(bio, **kwargs)

2024-11-03 00:55:15,803 - WARNING - /home/vmk0863/.local/lib/python3.12/site-packages/dask/dataframe/io/csv.py:195: DtypeWarning: Columns (7) have mixed types. Specify dtype option on import or set low_memory=False.
  df = reader(bio, **kwargs)

2024-11-03 00:55:15,878 - WARNING - /home/vmk0863/.local/lib/python3.12/site-packages/dask/dataframe/io/csv.py:195: DtypeWarning: Columns (7,8) have mixed types. Specify dtype option on import or set low_memory=False.
  df = reader(bio, **kwargs)

2024-11-03 00:56:24,272 - INFO - Downloaded and extracted: https://opentransportdata.swiss/wp-content/uploads/ist-daten-archive/ist-daten-2024-11.zip
2024-11-03 00:57:19,559 - INFO - Downloaded and extracted: https://opentransportdata.swiss/wp-content/uploads/ist-daten-archive/ist-daten-2024-10.zip
2024-11-03 00:57:19,570 - INFO - Starting to load data from /home/vmk0863/dat503/data/train
2024-11-03 00:57:19,570 - INFO - Found 32 CSV files to process.
2024-11-03 00:57:19,584 - INFO - Data loaded into Dask DataFrame.
2024-11-03 00:57:19,584 - INFO - Missing values filled with 0.
2024-11-03 00:57:19,584 - INFO - Saving processed data to /home/vmk0863/dat503/data/train/working/processed_data.csv
2024-11-03 00:57:27,138 - WARNING - /home/vmk0863/.local/lib/python3.12/site-packages/dask/dataframe/io/csv.py:195: DtypeWarning: Columns (7,8) have mixed types. Specify dtype option on import or set low_memory=False.
  df = reader(bio, **kwargs)

2024-11-03 00:57:27,593 - ERROR - Error saving processed data to CSV file: Mismatched dtypes found in `pd.read_csv`/`pd.read_table`.

+-----------+--------+----------+
| Column    | Found  | Expected |
+-----------+--------+----------+
| LINIEN_ID | object | float64  |
| UMLAUF_ID | object | float64  |
+-----------+--------+----------+

The following columns also raised exceptions on conversion:

- LINIEN_ID
  ValueError("could not convert string to float: '85:849:080'")
- UMLAUF_ID
  ValueError("could not convert string to float: 'BUS.701'")

Usually this is due to dask's dtype inference failing, and
*may* be fixed by specifying dtypes manually by adding:

dtype={'LINIEN_ID': 'object',
       'UMLAUF_ID': 'object'}

to the call to `read_csv`/`read_table`.
2024-11-03 00:57:27,685 - WARNING - /home/vmk0863/.local/lib/python3.12/site-packages/dask/dataframe/io/csv.py:195: DtypeWarning: Columns (7) have mixed types. Specify dtype option on import or set low_memory=False.
  df = reader(bio, **kwargs)

2024-11-03 00:57:28,138 - WARNING - /home/vmk0863/.local/lib/python3.12/site-packages/dask/dataframe/io/csv.py:195: DtypeWarning: Columns (7,8) have mixed types. Specify dtype option on import or set low_memory=False.
  df = reader(bio, **kwargs)

2024-11-03 00:57:28,180 - WARNING - /home/vmk0863/.local/lib/python3.12/site-packages/dask/dataframe/io/csv.py:195: DtypeWarning: Columns (6,7) have mixed types. Specify dtype option on import or set low_memory=False.
  df = reader(bio, **kwargs)

2024-11-03 00:57:28,524 - WARNING - /home/vmk0863/.local/lib/python3.12/site-packages/dask/dataframe/io/csv.py:195: DtypeWarning: Columns (7) have mixed types. Specify dtype option on import or set low_memory=False.
  df = reader(bio, **kwargs)

2024-11-03 00:57:28,589 - WARNING - /home/vmk0863/.local/lib/python3.12/site-packages/dask/dataframe/io/csv.py:195: DtypeWarning: Columns (7) have mixed types. Specify dtype option on import or set low_memory=False.
  df = reader(bio, **kwargs)

2024-11-03 00:57:28,758 - WARNING - /home/vmk0863/.local/lib/python3.12/site-packages/dask/dataframe/io/csv.py:195: DtypeWarning: Columns (7) have mixed types. Specify dtype option on import or set low_memory=False.
  df = reader(bio, **kwargs)

2024-11-03 00:57:28,846 - WARNING - /home/vmk0863/.local/lib/python3.12/site-packages/dask/dataframe/io/csv.py:195: DtypeWarning: Columns (7) have mixed types. Specify dtype option on import or set low_memory=False.
  df = reader(bio, **kwargs)

2024-11-03 00:57:28,858 - WARNING - /home/vmk0863/.local/lib/python3.12/site-packages/dask/dataframe/io/csv.py:195: DtypeWarning: Columns (6,7) have mixed types. Specify dtype option on import or set low_memory=False.
  df = reader(bio, **kwargs)

2024-11-03 00:57:28,918 - WARNING - /home/vmk0863/.local/lib/python3.12/site-packages/dask/dataframe/io/csv.py:195: DtypeWarning: Columns (7,8) have mixed types. Specify dtype option on import or set low_memory=False.
  df = reader(bio, **kwargs)

2024-11-03 00:57:29,051 - WARNING - /home/vmk0863/.local/lib/python3.12/site-packages/dask/dataframe/io/csv.py:195: DtypeWarning: Columns (7) have mixed types. Specify dtype option on import or set low_memory=False.
  df = reader(bio, **kwargs)

2024-11-03 00:57:29,117 - WARNING - /home/vmk0863/.local/lib/python3.12/site-packages/dask/dataframe/io/csv.py:195: DtypeWarning: Columns (7) have mixed types. Specify dtype option on import or set low_memory=False.
  df = reader(bio, **kwargs)

2024-11-03 00:57:29,450 - WARNING - /home/vmk0863/.local/lib/python3.12/site-packages/dask/dataframe/io/csv.py:195: DtypeWarning: Columns (6,7) have mixed types. Specify dtype option on import or set low_memory=False.
  df = reader(bio, **kwargs)

2024-11-03 00:57:29,571 - WARNING - /home/vmk0863/.local/lib/python3.12/site-packages/dask/dataframe/io/csv.py:195: DtypeWarning: Columns (7) have mixed types. Specify dtype option on import or set low_memory=False.
  df = reader(bio, **kwargs)

2024-11-03 00:57:29,645 - WARNING - /home/vmk0863/.local/lib/python3.12/site-packages/dask/dataframe/io/csv.py:195: DtypeWarning: Columns (7) have mixed types. Specify dtype option on import or set low_memory=False.
  df = reader(bio, **kwargs)

2024-11-03 00:57:29,745 - WARNING - /home/vmk0863/.local/lib/python3.12/site-packages/dask/dataframe/io/csv.py:195: DtypeWarning: Columns (7) have mixed types. Specify dtype option on import or set low_memory=False.
  df = reader(bio, **kwargs)

2024-11-03 00:57:29,880 - WARNING - /home/vmk0863/.local/lib/python3.12/site-packages/dask/dataframe/io/csv.py:195: DtypeWarning: Columns (7) have mixed types. Specify dtype option on import or set low_memory=False.
  df = reader(bio, **kwargs)

2024-11-03 00:57:30,005 - WARNING - /home/vmk0863/.local/lib/python3.12/site-packages/dask/dataframe/io/csv.py:195: DtypeWarning: Columns (7) have mixed types. Specify dtype option on import or set low_memory=False.
  df = reader(bio, **kwargs)

2024-11-03 00:57:30,293 - WARNING - /home/vmk0863/.local/lib/python3.12/site-packages/dask/dataframe/io/csv.py:195: DtypeWarning: Columns (7) have mixed types. Specify dtype option on import or set low_memory=False.
  df = reader(bio, **kwargs)

2024-11-03 00:57:30,749 - WARNING - /home/vmk0863/.local/lib/python3.12/site-packages/dask/dataframe/io/csv.py:195: DtypeWarning: Columns (7) have mixed types. Specify dtype option on import or set low_memory=False.
  df = reader(bio, **kwargs)

2024-11-03 00:57:30,754 - WARNING - /home/vmk0863/.local/lib/python3.12/site-packages/dask/dataframe/io/csv.py:195: DtypeWarning: Columns (7,8) have mixed types. Specify dtype option on import or set low_memory=False.
  df = reader(bio, **kwargs)

2024-11-03 00:57:30,993 - WARNING - /home/vmk0863/.local/lib/python3.12/site-packages/dask/dataframe/io/csv.py:195: DtypeWarning: Columns (7) have mixed types. Specify dtype option on import or set low_memory=False.
  df = reader(bio, **kwargs)

2024-11-03 00:58:25,537 - INFO - Downloaded and extracted: https://opentransportdata.swiss/wp-content/uploads/ist-daten-archive/ist-daten-2024-11.zip
2024-11-03 00:59:20,411 - INFO - Downloaded and extracted: https://opentransportdata.swiss/wp-content/uploads/ist-daten-archive/ist-daten-2024-10.zip
2024-11-03 00:59:20,421 - INFO - Starting to load data from /home/vmk0863/dat503/data/train
2024-11-03 00:59:20,422 - INFO - Found 32 CSV files to process.
2024-11-03 00:59:20,435 - INFO - Data loaded into Dask DataFrame.
2024-11-03 00:59:20,435 - INFO - Missing values filled with 0.
2024-11-03 00:59:20,436 - INFO - Saving processed data to /home/vmk0863/dat503/data/train/working/processed_data.csv
2024-11-03 00:59:28,397 - WARNING - /home/vmk0863/.local/lib/python3.12/site-packages/dask/dataframe/io/csv.py:195: DtypeWarning: Columns (7) have mixed types. Specify dtype option on import or set low_memory=False.
  df = reader(bio, **kwargs)

2024-11-03 00:59:28,678 - ERROR - Error saving processed data to CSV file: Mismatched dtypes found in `pd.read_csv`/`pd.read_table`.

+-----------+--------+----------+
| Column    | Found  | Expected |
+-----------+--------+----------+
| LINIEN_ID | object | float64  |
+-----------+--------+----------+

The following columns also raised exceptions on conversion:

- LINIEN_ID
  ValueError("could not convert string to float: '85:823:14'")

Usually this is due to dask's dtype inference failing, and
*may* be fixed by specifying dtypes manually by adding:

dtype={'LINIEN_ID': 'object'}

to the call to `read_csv`/`read_table`.
2024-11-03 00:59:28,987 - WARNING - /home/vmk0863/.local/lib/python3.12/site-packages/dask/dataframe/io/csv.py:195: DtypeWarning: Columns (7) have mixed types. Specify dtype option on import or set low_memory=False.
  df = reader(bio, **kwargs)

2024-11-03 00:59:29,028 - WARNING - /home/vmk0863/.local/lib/python3.12/site-packages/dask/dataframe/io/csv.py:195: DtypeWarning: Columns (7,8) have mixed types. Specify dtype option on import or set low_memory=False.
  df = reader(bio, **kwargs)

2024-11-03 00:59:29,120 - WARNING - /home/vmk0863/.local/lib/python3.12/site-packages/dask/dataframe/io/csv.py:195: DtypeWarning: Columns (7) have mixed types. Specify dtype option on import or set low_memory=False.
  df = reader(bio, **kwargs)

2024-11-03 00:59:29,143 - WARNING - /home/vmk0863/.local/lib/python3.12/site-packages/dask/dataframe/io/csv.py:195: DtypeWarning: Columns (6,7) have mixed types. Specify dtype option on import or set low_memory=False.
  df = reader(bio, **kwargs)

2024-11-03 00:59:29,152 - WARNING - /home/vmk0863/.local/lib/python3.12/site-packages/dask/dataframe/io/csv.py:195: DtypeWarning: Columns (7) have mixed types. Specify dtype option on import or set low_memory=False.
  df = reader(bio, **kwargs)

2024-11-03 00:59:29,159 - WARNING - /home/vmk0863/.local/lib/python3.12/site-packages/dask/dataframe/io/csv.py:195: DtypeWarning: Columns (7) have mixed types. Specify dtype option on import or set low_memory=False.
  df = reader(bio, **kwargs)

2024-11-03 00:59:29,661 - WARNING - /home/vmk0863/.local/lib/python3.12/site-packages/dask/dataframe/io/csv.py:195: DtypeWarning: Columns (7) have mixed types. Specify dtype option on import or set low_memory=False.
  df = reader(bio, **kwargs)

2024-11-03 00:59:29,725 - WARNING - /home/vmk0863/.local/lib/python3.12/site-packages/dask/dataframe/io/csv.py:195: DtypeWarning: Columns (7,8) have mixed types. Specify dtype option on import or set low_memory=False.
  df = reader(bio, **kwargs)

2024-11-03 00:59:30,152 - WARNING - /home/vmk0863/.local/lib/python3.12/site-packages/dask/dataframe/io/csv.py:195: DtypeWarning: Columns (6,7) have mixed types. Specify dtype option on import or set low_memory=False.
  df = reader(bio, **kwargs)

2024-11-03 00:59:30,167 - WARNING - /home/vmk0863/.local/lib/python3.12/site-packages/dask/dataframe/io/csv.py:195: DtypeWarning: Columns (7) have mixed types. Specify dtype option on import or set low_memory=False.
  df = reader(bio, **kwargs)

2024-11-03 00:59:30,223 - WARNING - /home/vmk0863/.local/lib/python3.12/site-packages/dask/dataframe/io/csv.py:195: DtypeWarning: Columns (6,7) have mixed types. Specify dtype option on import or set low_memory=False.
  df = reader(bio, **kwargs)

2024-11-03 00:59:30,237 - WARNING - /home/vmk0863/.local/lib/python3.12/site-packages/dask/dataframe/io/csv.py:195: DtypeWarning: Columns (7) have mixed types. Specify dtype option on import or set low_memory=False.
  df = reader(bio, **kwargs)

2024-11-03 00:59:30,242 - WARNING - /home/vmk0863/.local/lib/python3.12/site-packages/dask/dataframe/io/csv.py:195: DtypeWarning: Columns (7) have mixed types. Specify dtype option on import or set low_memory=False.
  df = reader(bio, **kwargs)

2024-11-03 00:59:30,361 - WARNING - /home/vmk0863/.local/lib/python3.12/site-packages/dask/dataframe/io/csv.py:195: DtypeWarning: Columns (7) have mixed types. Specify dtype option on import or set low_memory=False.
  df = reader(bio, **kwargs)

2024-11-03 00:59:30,574 - WARNING - /home/vmk0863/.local/lib/python3.12/site-packages/dask/dataframe/io/csv.py:195: DtypeWarning: Columns (7) have mixed types. Specify dtype option on import or set low_memory=False.
  df = reader(bio, **kwargs)

2024-11-03 00:59:30,679 - WARNING - /home/vmk0863/.local/lib/python3.12/site-packages/dask/dataframe/io/csv.py:195: DtypeWarning: Columns (7,8) have mixed types. Specify dtype option on import or set low_memory=False.
  df = reader(bio, **kwargs)

2024-11-03 00:59:30,950 - WARNING - /home/vmk0863/.local/lib/python3.12/site-packages/dask/dataframe/io/csv.py:195: DtypeWarning: Columns (7) have mixed types. Specify dtype option on import or set low_memory=False.
  df = reader(bio, **kwargs)

2024-11-03 00:59:31,179 - WARNING - /home/vmk0863/.local/lib/python3.12/site-packages/dask/dataframe/io/csv.py:195: DtypeWarning: Columns (7) have mixed types. Specify dtype option on import or set low_memory=False.
  df = reader(bio, **kwargs)

2024-11-03 00:59:31,182 - WARNING - /home/vmk0863/.local/lib/python3.12/site-packages/dask/dataframe/io/csv.py:195: DtypeWarning: Columns (7) have mixed types. Specify dtype option on import or set low_memory=False.
  df = reader(bio, **kwargs)

2024-11-03 00:59:31,360 - WARNING - /home/vmk0863/.local/lib/python3.12/site-packages/dask/dataframe/io/csv.py:195: DtypeWarning: Columns (7) have mixed types. Specify dtype option on import or set low_memory=False.
  df = reader(bio, **kwargs)

2024-11-03 00:59:31,543 - WARNING - /home/vmk0863/.local/lib/python3.12/site-packages/dask/dataframe/io/csv.py:195: DtypeWarning: Columns (7) have mixed types. Specify dtype option on import or set low_memory=False.
  df = reader(bio, **kwargs)

2024-11-03 00:59:31,588 - WARNING - /home/vmk0863/.local/lib/python3.12/site-packages/dask/dataframe/io/csv.py:195: DtypeWarning: Columns (7,8) have mixed types. Specify dtype option on import or set low_memory=False.
  df = reader(bio, **kwargs)

